<?xml version="1.0" encoding="utf-8"?><testsuite errors="0" failures="0" name="pytest" skips="0" tests="1" time="0.399"><testcase classname="test.integration.with-pillar-set.testinfra.test_tdagent" file="test/integration/with-pillar-set/testinfra/test_tdagent.py" line="2" name="test_service_is_running_and_enabled[docker://314852b696b8]" time="0.385237216949"><system-err>INFO:testinfra:RUN CommandResult(command=&quot;docker exec -u root 314852b696b8 /bin/sh -c &apos;uname -s&apos;&quot;, exit_status=0, stdout=&apos;Linux\n&apos;, stderr=None)
INFO:testinfra:RUN CommandResult(command=&quot;docker exec -u root 314852b696b8 /bin/sh -c &apos;lsb_release -a&apos;&quot;, exit_status=0, stdout=&apos;Distributor ID:\tUbuntu\nDescription:\tUbuntu 16.04.3 LTS\nRelease:\t16.04\nCodename:\txenial\n&apos;, stderr=&apos;No LSB modules are available.\n&apos;)
INFO:testinfra:RUN CommandResult(command=&quot;docker exec -u root 314852b696b8 /bin/sh -c &apos;command -v systemctl&apos;&quot;, exit_status=0, stdout=&apos;/bin/systemctl\n&apos;, stderr=None)
INFO:testinfra:RUN CommandResult(command=&quot;docker exec -u root 314852b696b8 /bin/sh -c &apos;readlink -f /sbin/init&apos;&quot;, exit_status=0, stdout=&apos;/lib/systemd/systemd\n&apos;, stderr=None)
INFO:testinfra:RUN CommandResult(command=&quot;docker exec -u root 314852b696b8 /bin/sh -c &apos;systemctl is-active td-agent&apos;&quot;, exit_status=0, stdout=&apos;active\n&apos;, stderr=None)
INFO:testinfra:RUN CommandResult(command=&quot;docker exec -u root 314852b696b8 /bin/sh -c &apos;systemctl is-enabled td-agent&apos;&quot;, exit_status=0, stdout=&apos;enabled\n&apos;, stderr=&apos;td-agent.service is not a native service, redirecting to systemd-sysv-install\nExecuting /lib/systemd/systemd-sysv-install is-enabled td-agent\n&apos;)
</system-err></testcase></testsuite>